<?xml version="1.0" encoding="UTF-8"?>
<!-- Generated by org.testng.reporters.JUnitXMLReporter -->
<testsuite ignored="0" hostname="sandhiya" failures="1" tests="4" name="Test" time="33.479" errors="0" timestamp="2024-06-06T21:35:11 IST">
  <testcase classname="tests.SubmitOrderTest" name="submitOrder" time="7.082"/>
  <testcase classname="tests.SubmitOrderTest" name="submitOrder" time="4.12"/>
  <testcase classname="tests.SubmitOrderTest" name="orderHistoryTest" time="1.085"/>
  <testcase classname="tests.errorValidationTest" name="errorValidation" time="0.772">
    <failure type="junit.framework.ComparisonFailure" message="expected:&amp;lt;......&amp;gt; but was:&amp;lt;...or...&amp;gt;">
      <![CDATA[junit.framework.ComparisonFailure: expected:<......> but was:<...or...>
at junit.framework.Assert.assertEquals(Assert.java:81)
at junit.framework.Assert.assertEquals(Assert.java:87)
at tests.errorValidationTest.errorValidation(errorValidationTest.java:32)
at java.base/java.util.ArrayList.forEach(ArrayList.java:1597)
... Removed 25 stack frames]]>
    </failure>
  </testcase> <!-- errorValidation -->
</testsuite> <!-- Test -->
