<?xml version="1.0" encoding="UTF-8"?>
<!-- Generated by org.testng.reporters.JUnitXMLReporter -->
<testsuite ignored="0" hostname="sandhiya" failures="0" tests="3" name="Default test" time="24.612" errors="0" timestamp="2024-06-06T19:29:18 IST">
  <testcase classname="tests.SubmitOrderTest" name="submitOrder" time="4.026"/>
  <testcase classname="tests.SubmitOrderTest" name="submitOrder" time="3.747"/>
  <testcase classname="tests.SubmitOrderTest" name="orderHistoryTest" time="1.161"/>
</testsuite> <!-- Default test -->
